[INFO ] 2023-03-25 21:07:53.087 [main] wordleDAO -    **** {"id":1738,"solution":"voter","print_date":"2023-03-25","days_since_launch":644,"editor":"Tracy Bennett"}
[INFO ] 2023-03-25 21:07:53.277 [main] wordleDAO -    **** {"id":2116,"solution":"moose","print_date":"2023-03-01","days_since_launch":620,"editor":"Tracy Bennett"}
[INFO ] 2023-03-25 21:07:53.348 [main] wordleDAO -    **** {"id":1852,"solution":"above","print_date":"2023-03-02","days_since_launch":621,"editor":"Tracy Bennett"}
[INFO ] 2023-03-25 21:07:53.412 [main] wordleDAO -    **** {"id":1240,"solution":"squat","print_date":"2023-03-03","days_since_launch":622,"editor":"Tracy Bennett"}
[INFO ] 2023-03-25 21:07:53.476 [main] wordleDAO -    **** {"id":1834,"solution":"trend","print_date":"2023-03-04","days_since_launch":623,"editor":"Tracy Bennett"}
[INFO ] 2023-03-25 21:07:53.539 [main] wordleDAO -    **** {"id":1795,"solution":"toxic","print_date":"2023-03-05","days_since_launch":624,"editor":"Tracy Bennett"}
[ERROR] 2023-04-10 13:40:11.157 [main] Database - java.sql.SQLException: The server time zone value 'CDT' is unrecognized or represents more than one time zone. You must configure either the server or JDBC driver (via the serverTimezone configuration property) to use a more specifc time zone value if you want to utilize time zone support.
[ERROR] 2023-04-10 13:40:27.170 [main] Database - java.sql.SQLException: The server time zone value 'CDT' is unrecognized or represents more than one time zone. You must configure either the server or JDBC driver (via the serverTimezone configuration property) to use a more specifc time zone value if you want to utilize time zone support.
[ERROR] 2023-04-10 13:40:27.520 [main] Database - java.sql.SQLException: The server time zone value 'CDT' is unrecognized or represents more than one time zone. You must configure either the server or JDBC driver (via the serverTimezone configuration property) to use a more specifc time zone value if you want to utilize time zone support.
[ERROR] 2023-04-10 13:40:27.958 [main] Database - java.sql.SQLException: The server time zone value 'CDT' is unrecognized or represents more than one time zone. You must configure either the server or JDBC driver (via the serverTimezone configuration property) to use a more specifc time zone value if you want to utilize time zone support.
[ERROR] 2023-04-10 13:44:56.317 [main] Database - java.sql.SQLException: The server time zone value 'CDT' is unrecognized or represents more than one time zone. You must configure either the server or JDBC driver (via the serverTimezone configuration property) to use a more specifc time zone value if you want to utilize time zone support.
[ERROR] 2023-04-10 13:44:56.786 [main] Database - java.sql.SQLException: The server time zone value 'CDT' is unrecognized or represents more than one time zone. You must configure either the server or JDBC driver (via the serverTimezone configuration property) to use a more specifc time zone value if you want to utilize time zone support.
[ERROR] 2023-04-10 13:44:57.253 [main] Database - java.sql.SQLException: The server time zone value 'CDT' is unrecognized or represents more than one time zone. You must configure either the server or JDBC driver (via the serverTimezone configuration property) to use a more specifc time zone value if you want to utilize time zone support.
[ERROR] 2023-04-10 13:51:28.434 [main] Database - java.sql.SQLException: The server time zone value 'CDT' is unrecognized or represents more than one time zone. You must configure either the server or JDBC driver (via the serverTimezone configuration property) to use a more specifc time zone value if you want to utilize time zone support.
[ERROR] 2023-04-10 13:51:29.077 [main] Database - java.sql.SQLException: The server time zone value 'CDT' is unrecognized or represents more than one time zone. You must configure either the server or JDBC driver (via the serverTimezone configuration property) to use a more specifc time zone value if you want to utilize time zone support.
[ERROR] 2023-04-10 13:51:29.589 [main] Database - java.sql.SQLException: The server time zone value 'CDT' is unrecognized or represents more than one time zone. You must configure either the server or JDBC driver (via the serverTimezone configuration property) to use a more specifc time zone value if you want to utilize time zone support.
[ERROR] 2023-04-10 14:06:56.239 [main] Database - java.sql.SQLException: Can not issue empty query.
[ERROR] 2023-04-10 14:06:56.512 [main] Database - java.sql.SQLException: Can not issue empty query.
[ERROR] 2023-04-10 14:06:56.993 [main] Database - java.sql.SQLException: Can not issue empty query.
[ERROR] 2023-04-10 14:07:29.206 [main] Database - java.sql.SQLException: Can not issue empty query.
[ERROR] 2023-04-10 14:07:29.812 [main] Database - java.sql.SQLException: Can not issue empty query.
[ERROR] 2023-04-10 14:07:30.327 [main] Database - java.sql.SQLException: Can not issue empty query.
